[2024-05-06 06:54:17] local.ERROR: The "--columns" option does not exist. {"exception":"[object] (Symfony\\Component\\Console\\Exception\\RuntimeException(code: 0): The \"--columns\" option does not exist. at /home/bizzyatra/tatsat/JS/vendor/symfony/console/Input/ArgvInput.php:223)
[stacktrace]
#0 /home/bizzyatra/tatsat/JS/vendor/symfony/console/Input/ArgvInput.php(150): Symfony\\Component\\Console\\Input\\ArgvInput->addLongOption()
#1 /home/bizzyatra/tatsat/JS/vendor/symfony/console/Input/ArgvInput.php(85): Symfony\\Component\\Console\\Input\\ArgvInput->parseLongOption()
#2 /home/bizzyatra/tatsat/JS/vendor/symfony/console/Input/ArgvInput.php(74): Symfony\\Component\\Console\\Input\\ArgvInput->parseToken()
#3 /home/bizzyatra/tatsat/JS/vendor/symfony/console/Input/Input.php(56): Symfony\\Component\\Console\\Input\\ArgvInput->parse()
#4 /home/bizzyatra/tatsat/JS/vendor/symfony/console/Command/Command.php(285): Symfony\\Component\\Console\\Input\\Input->bind()
#5 /home/bizzyatra/tatsat/JS/vendor/laravel/framework/src/Illuminate/Console/Command.php(180): Symfony\\Component\\Console\\Command\\Command->run()
#6 /home/bizzyatra/tatsat/JS/vendor/symfony/console/Application.php(1096): Illuminate\\Console\\Command->run()
#7 /home/bizzyatra/tatsat/JS/vendor/symfony/console/Application.php(324): Symfony\\Component\\Console\\Application->doRunCommand()
#8 /home/bizzyatra/tatsat/JS/vendor/symfony/console/Application.php(175): Symfony\\Component\\Console\\Application->doRun()
#9 /home/bizzyatra/tatsat/JS/vendor/laravel/framework/src/Illuminate/Foundation/Console/Kernel.php(201): Symfony\\Component\\Console\\Application->run()
#10 /home/bizzyatra/tatsat/JS/artisan(35): Illuminate\\Foundation\\Console\\Kernel->handle()
#11 {main}
"} 
[2024-05-06 06:54:20] local.ERROR: The "--columns" option does not exist. {"exception":"[object] (Symfony\\Component\\Console\\Exception\\RuntimeException(code: 0): The \"--columns\" option does not exist. at /home/bizzyatra/tatsat/JS/vendor/symfony/console/Input/ArgvInput.php:223)
[stacktrace]
#0 /home/bizzyatra/tatsat/JS/vendor/symfony/console/Input/ArgvInput.php(150): Symfony\\Component\\Console\\Input\\ArgvInput->addLongOption()
#1 /home/bizzyatra/tatsat/JS/vendor/symfony/console/Input/ArgvInput.php(85): Symfony\\Component\\Console\\Input\\ArgvInput->parseLongOption()
#2 /home/bizzyatra/tatsat/JS/vendor/symfony/console/Input/ArgvInput.php(74): Symfony\\Component\\Console\\Input\\ArgvInput->parseToken()
#3 /home/bizzyatra/tatsat/JS/vendor/symfony/console/Input/Input.php(56): Symfony\\Component\\Console\\Input\\ArgvInput->parse()
#4 /home/bizzyatra/tatsat/JS/vendor/symfony/console/Command/Command.php(285): Symfony\\Component\\Console\\Input\\Input->bind()
#5 /home/bizzyatra/tatsat/JS/vendor/laravel/framework/src/Illuminate/Console/Command.php(180): Symfony\\Component\\Console\\Command\\Command->run()
#6 /home/bizzyatra/tatsat/JS/vendor/symfony/console/Application.php(1096): Illuminate\\Console\\Command->run()
#7 /home/bizzyatra/tatsat/JS/vendor/symfony/console/Application.php(324): Symfony\\Component\\Console\\Application->doRunCommand()
#8 /home/bizzyatra/tatsat/JS/vendor/symfony/console/Application.php(175): Symfony\\Component\\Console\\Application->doRun()
#9 /home/bizzyatra/tatsat/JS/vendor/laravel/framework/src/Illuminate/Foundation/Console/Kernel.php(201): Symfony\\Component\\Console\\Application->run()
#10 /home/bizzyatra/tatsat/JS/artisan(35): Illuminate\\Foundation\\Console\\Kernel->handle()
#11 {main}
"} 
[2024-05-06 06:54:22] local.ERROR: The "--columns" option does not exist. {"exception":"[object] (Symfony\\Component\\Console\\Exception\\RuntimeException(code: 0): The \"--columns\" option does not exist. at /home/bizzyatra/tatsat/JS/vendor/symfony/console/Input/ArgvInput.php:223)
[stacktrace]
#0 /home/bizzyatra/tatsat/JS/vendor/symfony/console/Input/ArgvInput.php(150): Symfony\\Component\\Console\\Input\\ArgvInput->addLongOption()
#1 /home/bizzyatra/tatsat/JS/vendor/symfony/console/Input/ArgvInput.php(85): Symfony\\Component\\Console\\Input\\ArgvInput->parseLongOption()
#2 /home/bizzyatra/tatsat/JS/vendor/symfony/console/Input/ArgvInput.php(74): Symfony\\Component\\Console\\Input\\ArgvInput->parseToken()
#3 /home/bizzyatra/tatsat/JS/vendor/symfony/console/Input/Input.php(56): Symfony\\Component\\Console\\Input\\ArgvInput->parse()
#4 /home/bizzyatra/tatsat/JS/vendor/symfony/console/Command/Command.php(285): Symfony\\Component\\Console\\Input\\Input->bind()
#5 /home/bizzyatra/tatsat/JS/vendor/laravel/framework/src/Illuminate/Console/Command.php(180): Symfony\\Component\\Console\\Command\\Command->run()
#6 /home/bizzyatra/tatsat/JS/vendor/symfony/console/Application.php(1096): Illuminate\\Console\\Command->run()
#7 /home/bizzyatra/tatsat/JS/vendor/symfony/console/Application.php(324): Symfony\\Component\\Console\\Application->doRunCommand()
#8 /home/bizzyatra/tatsat/JS/vendor/symfony/console/Application.php(175): Symfony\\Component\\Console\\Application->doRun()
#9 /home/bizzyatra/tatsat/JS/vendor/laravel/framework/src/Illuminate/Foundation/Console/Kernel.php(201): Symfony\\Component\\Console\\Application->run()
#10 /home/bizzyatra/tatsat/JS/artisan(35): Illuminate\\Foundation\\Console\\Kernel->handle()
#11 {main}
"} 
